Crash log created at 2024-02-17 22:51:38 -0600

===== MESSAGE:

NoMethodError: undefined method `img' for an instance of Nanoc::Core::Context

/Users/jackkeller/.rvm/gems/ruby-3.3.0/gems/nanoc-core-4.12.19/lib/nanoc/core/context.rb:47:in `method_missing': undefined method `img' for an instance of Nanoc::Core::Context (NoMethodError)
	from item /poets/chenNianXi.html (rep default):1:in `get_binding'
	from /Users/jackkeller/.rvm/rubies/ruby-3.3.0/lib/ruby/3.3.0/erb.rb:429:in `eval'
	from /Users/jackkeller/.rvm/rubies/ruby-3.3.0/lib/ruby/3.3.0/erb.rb:429:in `result'
	from /Users/jackkeller/.rvm/gems/ruby-3.3.0/gems/nanoc-4.12.19/lib/nanoc/filters/erb.rb:32:in `run'
	from /Users/jackkeller/.rvm/gems/ruby-3.3.0/gems/nanoc-core-4.12.19/lib/nanoc/core/filter.rb:188:in `setup_and_run'
	from /Users/jackkeller/.rvm/gems/ruby-3.3.0/gems/nanoc-core-4.12.19/lib/nanoc/core/executor.rb:22:in `filter'
	from /Users/jackkeller/.rvm/gems/ruby-3.3.0/gems/nanoc-core-4.12.19/lib/nanoc/core/compilation_phases/recalculate.rb:32:in `block in run'
	from /Users/jackkeller/.rvm/gems/ruby-3.3.0/gems/nanoc-core-4.12.19/lib/nanoc/core/action_sequence.rb:48:in `each'
	from /Users/jackkeller/.rvm/gems/ruby-3.3.0/gems/nanoc-core-4.12.19/lib/nanoc/core/action_sequence.rb:48:in `each'
	from /Users/jackkeller/.rvm/gems/ruby-3.3.0/gems/nanoc-core-4.12.19/lib/nanoc/core/compilation_phases/recalculate.rb:29:in `run'
	from /Users/jackkeller/.rvm/gems/ruby-3.3.0/gems/nanoc-core-4.12.19/lib/nanoc/core/compilation_phases/abstract.rb:23:in `call'
	from /Users/jackkeller/.rvm/gems/ruby-3.3.0/gems/nanoc-core-4.12.19/lib/nanoc/core/compilation_phases/abstract.rb:25:in `block in call'
	from /Users/jackkeller/.rvm/gems/ruby-3.3.0/gems/nanoc-core-4.12.19/lib/nanoc/core/compilation_phases/cache.rb:28:in `run'
	from /Users/jackkeller/.rvm/gems/ruby-3.3.0/gems/nanoc-core-4.12.19/lib/nanoc/core/compilation_phases/abstract.rb:23:in `call'
	from /Users/jackkeller/.rvm/gems/ruby-3.3.0/gems/nanoc-core-4.12.19/lib/nanoc/core/compilation_phases/abstract.rb:25:in `block in call'
	from /Users/jackkeller/.rvm/gems/ruby-3.3.0/gems/nanoc-core-4.12.19/lib/nanoc/core/compilation_phases/resume.rb:42:in `block in fiber_for'

===== STACK TRACE:

  0. /Users/jackkeller/.rvm/gems/ruby-3.3.0/gems/nanoc-core-4.12.19/lib/nanoc/core/context.rb:47:in `method_missing'
  1. item /poets/chenNianXi.html (rep default):1:in `get_binding'
  2. /Users/jackkeller/.rvm/rubies/ruby-3.3.0/lib/ruby/3.3.0/erb.rb:429:in `eval'
  3. /Users/jackkeller/.rvm/rubies/ruby-3.3.0/lib/ruby/3.3.0/erb.rb:429:in `result'
  4. /Users/jackkeller/.rvm/gems/ruby-3.3.0/gems/nanoc-4.12.19/lib/nanoc/filters/erb.rb:32:in `run'
  5. /Users/jackkeller/.rvm/gems/ruby-3.3.0/gems/nanoc-core-4.12.19/lib/nanoc/core/filter.rb:188:in `setup_and_run'
  6. /Users/jackkeller/.rvm/gems/ruby-3.3.0/gems/nanoc-core-4.12.19/lib/nanoc/core/executor.rb:22:in `filter'
  7. /Users/jackkeller/.rvm/gems/ruby-3.3.0/gems/nanoc-core-4.12.19/lib/nanoc/core/compilation_phases/recalculate.rb:32:in `block in run'
  8. /Users/jackkeller/.rvm/gems/ruby-3.3.0/gems/nanoc-core-4.12.19/lib/nanoc/core/action_sequence.rb:48:in `each'
  9. /Users/jackkeller/.rvm/gems/ruby-3.3.0/gems/nanoc-core-4.12.19/lib/nanoc/core/action_sequence.rb:48:in `each'
  10. /Users/jackkeller/.rvm/gems/ruby-3.3.0/gems/nanoc-core-4.12.19/lib/nanoc/core/compilation_phases/recalculate.rb:29:in `run'
  11. /Users/jackkeller/.rvm/gems/ruby-3.3.0/gems/nanoc-core-4.12.19/lib/nanoc/core/compilation_phases/abstract.rb:23:in `call'
  12. /Users/jackkeller/.rvm/gems/ruby-3.3.0/gems/nanoc-core-4.12.19/lib/nanoc/core/compilation_phases/abstract.rb:25:in `block in call'
  13. /Users/jackkeller/.rvm/gems/ruby-3.3.0/gems/nanoc-core-4.12.19/lib/nanoc/core/compilation_phases/cache.rb:28:in `run'
  14. /Users/jackkeller/.rvm/gems/ruby-3.3.0/gems/nanoc-core-4.12.19/lib/nanoc/core/compilation_phases/abstract.rb:23:in `call'
  15. /Users/jackkeller/.rvm/gems/ruby-3.3.0/gems/nanoc-core-4.12.19/lib/nanoc/core/compilation_phases/abstract.rb:25:in `block in call'

===== VERSION INFORMATION:

Nanoc 4.12.19 © 2007–… Denis Defreyne.
Running ruby 3.3.0 (2023-12-25) on x86_64-darwin21 with RubyGems 3.5.3.

===== SYSTEM INFORMATION:

Darwin jacks-MacBook-Air.local 21.6.0 Darwin Kernel Version 21.6.0: Wed Oct  4 23:55:28 PDT 2023; root:xnu-8020.240.18.704.15~1/RELEASE_X86_64 x86_64

===== INSTALLED GEMS:

  addressable 2.8.6
  adsf 1.4.6
  adsf-live 1.5.0
  bundler 2.5.3
  colored 1.2
  concurrent-ruby 1.2.3
  cri 2.15.11
  ddmetrics 1.1.0
  ddplugin 1.0.3
  diff-lcs 1.5.0
  em-websocket 0.5.3
  eventmachine 1.2.7
  ffi 1.16.3
  http_parser.rb 0.8.0
  immutable-ruby 0.1.0
  json_schema 0.21.0
  listen 3.8.0
  memo_wise 1.8.0
  nanoc 4.12.19
  nanoc-checking 1.0.2
  nanoc-cli 4.12.19
  nanoc-core 4.12.19
  nanoc-deploying 1.0.2
  nanoc-live 1.0.0
  parallel 1.24.0
  pastel 0.8.0
  psych 5.1.2
  public_suffix 5.0.4
  rack 2.2.8
  rack-livereload 0.5.2
  rb-fsevent 0.11.2
  rb-inotify 0.10.1
  rbtree 0.4.6
  set 1.1.0
  slow_enumerator_tools 1.1.0
  sorted_set 1.0.3
  stringio 3.1.0
  tty-color 0.6.0
  tty-command 0.10.1
  tty-platform 0.3.0
  tty-which 0.5.0
  webrick 1.8.1
  zeitwerk 2.6.12

===== GEMFILE.LOCK:

GEM
  remote: https://rubygems.org/
  specs:
    addressable (2.8.6)
      public_suffix (>= 2.0.2, < 6.0)
    adsf (1.4.6)
      rack (>= 1.0.0, < 3.0.0)
    adsf-live (1.5.0)
      adsf (~> 1.3)
      em-websocket (~> 0.5)
      eventmachine (~> 1.2)
      listen (~> 3.0)
      rack-livereload (~> 0.3)
    colored (1.2)
    concurrent-ruby (1.2.3)
    cri (2.15.11)
    ddmetrics (1.1.0)
    ddplugin (1.0.3)
    diff-lcs (1.5.0)
    em-websocket (0.5.3)
      eventmachine (>= 0.12.9)
      http_parser.rb (~> 0)
    eventmachine (1.2.7)
    ffi (1.16.3)
    http_parser.rb (0.8.0)
    immutable-ruby (0.1.0)
      concurrent-ruby (~> 1.1)
      sorted_set (~> 1.0)
    json_schema (0.21.0)
    listen (3.8.0)
      rb-fsevent (~> 0.10, >= 0.10.3)
      rb-inotify (~> 0.9, >= 0.9.10)
    memo_wise (1.8.0)
    nanoc (4.12.19)
      addressable (~> 2.5)
      colored (~> 1.2)
      nanoc-checking (~> 1.0, >= 1.0.2)
      nanoc-cli (= 4.12.19)
      nanoc-core (= 4.12.19)
      nanoc-deploying (~> 1.0)
      parallel (~> 1.12)
      tty-command (~> 0.8)
      tty-which (~> 0.4)
    nanoc-checking (1.0.2)
      nanoc-cli (~> 4.12, >= 4.12.4)
      nanoc-core (~> 4.12, >= 4.12.4)
    nanoc-cli (4.12.19)
      cri (~> 2.15)
      diff-lcs (~> 1.3)
      nanoc-core (= 4.12.19)
      zeitwerk (~> 2.1)
    nanoc-core (4.12.19)
      concurrent-ruby (~> 1.1)
      ddmetrics (~> 1.0)
      ddplugin (~> 1.0)
      immutable-ruby (~> 0.1)
      json_schema (~> 0.19)
      memo_wise (~> 1.5)
      psych (>= 4.0, < 6.0)
      slow_enumerator_tools (~> 1.0)
      tty-platform (~> 0.2)
      zeitwerk (~> 2.1)
    nanoc-deploying (1.0.2)
      nanoc-checking (~> 1.0)
      nanoc-cli (~> 4.11, >= 4.11.15)
      nanoc-core (~> 4.11, >= 4.11.15)
    nanoc-live (1.0.0)
      adsf-live (~> 1.4)
      listen (~> 3.0)
      nanoc-cli (~> 4.11, >= 4.11.14)
      nanoc-core (~> 4.11, >= 4.11.14)
    parallel (1.24.0)
    pastel (0.8.0)
      tty-color (~> 0.5)
    psych (5.1.2)
      stringio
    public_suffix (5.0.4)
    rack (2.2.8)
    rack-livereload (0.5.2)
      rack (< 3)
    rb-fsevent (0.11.2)
    rb-inotify (0.10.1)
      ffi (~> 1.0)
    rbtree (0.4.6)
    set (1.1.0)
    slow_enumerator_tools (1.1.0)
    sorted_set (1.0.3)
      rbtree
      set (~> 1.0)
    stringio (3.1.0)
    tty-color (0.6.0)
    tty-command (0.10.1)
      pastel (~> 0.8)
    tty-platform (0.3.0)
    tty-which (0.5.0)
    webrick (1.8.1)
    zeitwerk (2.6.12)

PLATFORMS
  ruby
  x86_64-darwin-21

DEPENDENCIES
  nanoc (~> 4.12)
  nanoc-live
  webrick (~> 1.8)

BUNDLED WITH
   2.5.3

===== LOAD PATHS:

  0. /Users/jackkeller/.rvm/gems/ruby-3.3.0/gems/http_parser.rb-0.8.0/lib
  1. /Users/jackkeller/.rvm/gems/ruby-3.3.0/gems/em-websocket-0.5.3/lib/../lib
  2. /Users/jackkeller/.rvm/rubies/ruby-3.3.0/lib/ruby/gems/3.3.0/gems/executable-hooks-1.7.1/lib
  3. /Users/jackkeller/.rvm/rubies/ruby-3.3.0/lib/ruby/gems/3.3.0/gems/bundler-unload-1.0.2/lib
  4. /Users/jackkeller/.rvm/gems/ruby-3.3.0/gems/webrick-1.8.1/lib
  5. /Users/jackkeller/.rvm/gems/ruby-3.3.0/gems/nanoc-live-1.0.0/lib
  6. /Users/jackkeller/.rvm/gems/ruby-3.3.0/gems/nanoc-4.12.19/lib
  7. /Users/jackkeller/.rvm/gems/ruby-3.3.0/gems/tty-which-0.5.0/lib
  8. /Users/jackkeller/.rvm/gems/ruby-3.3.0/gems/tty-command-0.10.1/lib
  9. /Users/jackkeller/.rvm/gems/ruby-3.3.0/gems/pastel-0.8.0/lib
  10. /Users/jackkeller/.rvm/gems/ruby-3.3.0/gems/tty-color-0.6.0/lib
  11. /Users/jackkeller/.rvm/gems/ruby-3.3.0/gems/parallel-1.24.0/lib
  12. /Users/jackkeller/.rvm/gems/ruby-3.3.0/gems/nanoc-deploying-1.0.2/lib
  13. /Users/jackkeller/.rvm/gems/ruby-3.3.0/gems/nanoc-checking-1.0.2/lib
  14. /Users/jackkeller/.rvm/gems/ruby-3.3.0/gems/nanoc-cli-4.12.19/lib
  15. /Users/jackkeller/.rvm/gems/ruby-3.3.0/gems/nanoc-core-4.12.19/lib
  16. /Users/jackkeller/.rvm/gems/ruby-3.3.0/gems/zeitwerk-2.6.12/lib
  17. /Users/jackkeller/.rvm/gems/ruby-3.3.0/gems/tty-platform-0.3.0/lib
  18. /Users/jackkeller/.rvm/gems/ruby-3.3.0/gems/slow_enumerator_tools-1.1.0/lib
  19. /Users/jackkeller/.rvm/rubies/ruby-3.3.0/lib/ruby/gems/3.3.0/gems/psych-5.1.2/lib
  20. /Users/jackkeller/.rvm/rubies/ruby-3.3.0/lib/ruby/gems/3.3.0/extensions/x86_64-darwin-21/3.3.0/psych-5.1.2
  21. /Users/jackkeller/.rvm/rubies/ruby-3.3.0/lib/ruby/gems/3.3.0/gems/stringio-3.1.0/lib
  22. /Users/jackkeller/.rvm/rubies/ruby-3.3.0/lib/ruby/gems/3.3.0/extensions/x86_64-darwin-21/3.3.0/stringio-3.1.0
  23. /Users/jackkeller/.rvm/gems/ruby-3.3.0/gems/memo_wise-1.8.0/lib
  24. /Users/jackkeller/.rvm/gems/ruby-3.3.0/gems/json_schema-0.21.0/lib
  25. /Users/jackkeller/.rvm/gems/ruby-3.3.0/gems/immutable-ruby-0.1.0/lib
  26. /Users/jackkeller/.rvm/gems/ruby-3.3.0/gems/sorted_set-1.0.3/lib
  27. /Users/jackkeller/.rvm/rubies/ruby-3.3.0/lib/ruby/gems/3.3.0/gems/set-1.1.0/lib
  28. /Users/jackkeller/.rvm/gems/ruby-3.3.0/gems/rbtree-0.4.6/lib
  29. /Users/jackkeller/.rvm/gems/ruby-3.3.0/extensions/x86_64-darwin-21/3.3.0/rbtree-0.4.6
  30. /Users/jackkeller/.rvm/gems/ruby-3.3.0/gems/diff-lcs-1.5.0/lib
  31. /Users/jackkeller/.rvm/gems/ruby-3.3.0/gems/ddplugin-1.0.3/lib
  32. /Users/jackkeller/.rvm/gems/ruby-3.3.0/gems/ddmetrics-1.1.0/lib
  33. /Users/jackkeller/.rvm/gems/ruby-3.3.0/gems/cri-2.15.11/lib
  34. /Users/jackkeller/.rvm/gems/ruby-3.3.0/gems/concurrent-ruby-1.2.3/lib/concurrent-ruby
  35. /Users/jackkeller/.rvm/gems/ruby-3.3.0/gems/colored-1.2/lib
  36. /Users/jackkeller/.rvm/rubies/ruby-3.3.0/lib/ruby/gems/3.3.0/gems/bundler-2.5.3/lib
  37. /Users/jackkeller/.rvm/gems/ruby-3.3.0/gems/adsf-live-1.5.0/lib
  38. /Users/jackkeller/.rvm/gems/ruby-3.3.0/gems/rack-livereload-0.5.2/lib
  39. /Users/jackkeller/.rvm/gems/ruby-3.3.0/gems/listen-3.8.0/lib
  40. /Users/jackkeller/.rvm/gems/ruby-3.3.0/gems/rb-inotify-0.10.1/lib
  41. /Users/jackkeller/.rvm/gems/ruby-3.3.0/gems/ffi-1.16.3/lib
  42. /Users/jackkeller/.rvm/gems/ruby-3.3.0/extensions/x86_64-darwin-21/3.3.0/ffi-1.16.3
  43. /Users/jackkeller/.rvm/gems/ruby-3.3.0/gems/rb-fsevent-0.11.2/lib
  44. /Users/jackkeller/.rvm/gems/ruby-3.3.0/gems/em-websocket-0.5.3/lib
  45. /Users/jackkeller/.rvm/gems/ruby-3.3.0/gems/http_parser.rb-0.8.0/lib
  46. /Users/jackkeller/.rvm/gems/ruby-3.3.0/extensions/x86_64-darwin-21/3.3.0/http_parser.rb-0.8.0
  47. /Users/jackkeller/.rvm/gems/ruby-3.3.0/gems/eventmachine-1.2.7/lib
  48. /Users/jackkeller/.rvm/gems/ruby-3.3.0/extensions/x86_64-darwin-21/3.3.0/eventmachine-1.2.7
  49. /Users/jackkeller/.rvm/gems/ruby-3.3.0/gems/adsf-1.4.6/lib
  50. /Users/jackkeller/.rvm/gems/ruby-3.3.0/gems/rack-2.2.8/lib
  51. /Users/jackkeller/.rvm/gems/ruby-3.3.0/gems/addressable-2.8.6/lib
  52. /Users/jackkeller/.rvm/gems/ruby-3.3.0/gems/public_suffix-5.0.4/lib
  53. /Users/jackkeller/.rvm/rubies/ruby-3.3.0/lib/ruby/site_ruby/3.3.0
  54. /Users/jackkeller/.rvm/rubies/ruby-3.3.0/lib/ruby/site_ruby/3.3.0/x86_64-darwin21
  55. /Users/jackkeller/.rvm/rubies/ruby-3.3.0/lib/ruby/site_ruby
  56. /Users/jackkeller/.rvm/rubies/ruby-3.3.0/lib/ruby/vendor_ruby/3.3.0
  57. /Users/jackkeller/.rvm/rubies/ruby-3.3.0/lib/ruby/vendor_ruby/3.3.0/x86_64-darwin21
  58. /Users/jackkeller/.rvm/rubies/ruby-3.3.0/lib/ruby/vendor_ruby
  59. /Users/jackkeller/.rvm/rubies/ruby-3.3.0/lib/ruby/3.3.0
  60. /Users/jackkeller/.rvm/rubies/ruby-3.3.0/lib/ruby/3.3.0/x86_64-darwin21
